<?xml version="1.0" encoding="UTF-8"?>
<!-- Generated by org.testng.reporters.JUnitReportReporter -->
<testsuite hostname="AVISHIMAHIKA" failures="0" tests="1" name="git.Test1" time="0.007" errors="0" timestamp="2023-08-23T10:55:13 IST" skipped="0">
  <testcase classname="git.Test1" name="method1" time="0.007">
    <system-out>
      <![CDATA[hii, please make me soo]]>
    </system-out>
  </testcase> <!-- method1 -->
  <system-out>
    <![CDATA[hii, please make me soo]]>
  </system-out>
</testsuite> <!-- git.Test1 -->
